<?xml version="1.0" encoding="UTF-8"?>
<!-- Generated by org.testng.reporters.JUnitReportReporter -->
<testsuite hostname="MyMiniCooperPC" failures="0" tests="1" name="com.automation.tests.XXGridRemoteTest" time="6.316" errors="0" timestamp="2021-07-08T12:18:56 PDT" skipped="0">
  <testcase classname="com.automation.tests.XXGridRemoteTest" name="costcoSearchRemoteTest" time="6.316"/>
</testsuite> <!-- com.automation.tests.XXGridRemoteTest -->
