<?xml version="1.0" encoding="UTF-8"?>
<!-- Generated by org.testng.reporters.JUnitReportReporter -->
<testsuite hostname="MyMiniCooperPC" failures="0" tests="1" name="testNG_Parameters.Multiply" time="0.002" errors="0" timestamp="2021-07-10T17:27:49 PDT" skipped="0">
  <testcase classname="testNG_Parameters.Multiply" name="add" time="0.002"/>
</testsuite> <!-- testNG_Parameters.Multiply -->
