<?xml version="1.0" encoding="UTF-8"?>
<!-- Generated by org.testng.reporters.JUnitReportReporter -->
<testsuite hostname="MyMiniCooperPC" failures="0" tests="1" name="com.project.tests.PhptravelSiteTests" time="13.120" errors="0" timestamp="2021-01-08T22:52:02 CST" skipped="0">
  <testcase classname="com.project.tests.PhptravelSiteTests" name="homePage" time="13.120"/>
</testsuite> <!-- com.project.tests.PhptravelSiteTests -->
