<?xml version="1.0" encoding="UTF-8"?>
<!-- Generated by org.testng.reporters.JUnitReportReporter -->
<testsuite hostname="MyMiniCooperPC" failures="0" tests="1" name="com.php.tests.PhpTests" time="13.358" errors="0" timestamp="2021-06-03T01:09:43 CDT" skipped="0">
  <testcase classname="com.php.tests.PhpTests" name="homePage" time="13.358"/>
</testsuite> <!-- com.php.tests.PhpTests -->
