<?xml version="1.0" encoding="UTF-8"?>
<!-- Generated by org.testng.reporters.JUnitReportReporter -->
<testsuite hostname="MyMiniCooperPC" failures="0" tests="1" name="com.php.tests.GridRemoteTest" time="12.745" errors="0" timestamp="2021-06-15T15:36:11 CDT" skipped="0">
  <testcase classname="com.php.tests.GridRemoteTest" name="costcoSearchRemoteTest" time="12.745"/>
</testsuite> <!-- com.php.tests.GridRemoteTest -->
