<?xml version="1.0" encoding="UTF-8"?>
<!-- Generated by org.testng.reporters.JUnitReportReporter -->
<testsuite hostname="MyMiniCooperPC" failures="0" tests="1" name="testNG_Parameters.Sum" time="0.015" errors="0" timestamp="2021-07-10T17:27:49 PDT" skipped="0">
  <testcase classname="testNG_Parameters.Sum" name="add" time="0.015"/>
</testsuite> <!-- testNG_Parameters.Sum -->
